0:100  0:100  MemLog inited, TSC freq: 2787183430
0:100  0:000  CPU was calibrated with RTC
0:100  0:000  
0:100  0:000  Now is 4.3.2019,  19:32:19 (GMT)
0:100  0:000  Starting Clover revision: 4701.RM-4963.24249(ca6cca7c.a0344119e7)  on American Megatrends EFI
0:100  0:000  Build with: [Args: -mc --no-usb -D NO_GRUB_DRIVERS_EMBEDDED -t XCODE8 | -D DISABLE_USB_SUPPORT -D NO_GRUB_DRIVERS_EMBEDDED --conf=/Users/rehabman/Projects/clover.git/src/edk2/Conf -D USE_BIOS_BLOCKIO -D USE_LOW_EBDA -a X64 -b RELEASE -t XCODE8 -n 9 | OS: 10.14 | XCODE: 9.4.1]
0:100  0:000  SelfDevicePath=PciRoot(0x0)\Pci(0x17,0x0)\Sata(0x2,0xFFFF,0x0)\HD(1,GPT,FAD77F98-7470-4B5A-B780-D1E520B17950,0x28,0x64000) @8305C318
0:100  0:000  SelfDirPath = \EFI\Microsoft\Boot
0:101  0:001  === [ Get Smbios ] ========================================
0:101  0:000  Type 16 Index = 0
0:101  0:000  Total Memory Slots Count = 2
0:101  0:000  Type 17 Index = 0
0:101  0:000  SmbiosTable.Type17->Speed = 2400MHz
0:101  0:000  SmbiosTable.Type17->Size = 8192MB
0:101  0:000  SmbiosTable.Type17->Bank/Device =  DIMM A
0:101  0:000  SmbiosTable.Type17->Vendor = 802C0000802C
0:101  0:000  SmbiosTable.Type17->SerialNumber = 1977A2F6
0:101  0:000  SmbiosTable.Type17->PartNumber = 8ATF1G64HZ-2G3H1    
0:101  0:000  Type 17 Index = 1
0:101  0:000  SmbiosTable.Type17->Speed = 2400MHz
0:101  0:000  SmbiosTable.Type17->Size = 8192MB
0:101  0:000  SmbiosTable.Type17->Bank/Device =  DIMM B
0:101  0:000  SmbiosTable.Type17->Vendor = 802C0000802C
0:101  0:000  SmbiosTable.Type17->SerialNumber = 1971A624
0:101  0:000  SmbiosTable.Type17->PartNumber = 8ATF1G64HZ-2G3H1    
0:101  0:000  Boot status=0
0:101  0:000  Running on: 'Inspiron 5570' with board '0360PV'
0:101  0:000  === [ GetCPUProperties ] ==================================
0:101  0:000  CPU Vendor = 756E6547 Model=806EA
0:101  0:000   The CPU supported SSE4.1
0:101  0:000  BrandString = Intel(R) Core(TM) i5-8250U CPU @ 1.60GHz
0:101  0:000   The CPU supported turbo
0:101  0:000  MSR 0x35               40008
0:101  0:000   TSC/CCC Information Leaf:
0:101  0:000    numerator     : 150
0:101  0:000    denominator   : 2
0:101  0:000   Calibrated ARTFrequency: 37162445
0:101  0:000  MSR 0xE2 before patch 1E000005
0:101  0:000  MSR 0xCE              0004043D_F1011200
0:101  0:000  corrected FLEX_RATIO = 0
0:101  0:000  MSR 0x1B0             00000000
0:101  0:000  FSBFrequency = 189 MHz, DMI FSBFrequency = 100 MHz, Corrected FSBFrequency = 100 MHz
0:101  0:000  MaxDiv/MinDiv: 18.0/4
0:101  0:000  Turbo: 34/34/34/34
0:101  0:000  Features: 0xBFEBFBFF
0:101  0:000  Threads: 8
0:101  0:000  Cores: 4
0:101  0:000  FSB: 100 MHz
0:101  0:000  CPU: 3400 MHz
0:101  0:000  TSC: 3400 MHz
0:101  0:000  PIS: 100 MHz
0:101  0:000  ExternalClock: 25 MHz
0:101  0:000  === [ GetDevices ] ========================================
0:101  0:000  PCI (00|00:00.00) : 8086 5914 class=060000
0:101  0:000  PCI (00|00:02.00) : 8086 5917 class=030000
0:101  0:000   - GFX: Model=Intel UHD Graphics 620 (Intel)
0:101  0:000  PCI (00|00:04.00) : 8086 1903 class=118000
0:101  0:000  PCI (00|00:14.00) : 8086 9D2F class=0C0330
0:101  0:000  PCI (00|00:14.02) : 8086 9D31 class=118000
0:101  0:000  PCI (00|00:15.00) : 8086 9D60 class=118000
0:101  0:000  PCI (00|00:16.00) : 8086 9D3A class=078000
0:101  0:000  PCI (00|00:17.00) : 8086 9D03 class=010601
0:101  0:000  PCI (00|00:1C.00) : 8086 9D14 class=060400
0:101  0:000  PCI (00|01:00.00) : 10EC 8136 class=020000
0:101  0:000   - LAN: 0 Vendor=Realtek
0:101  0:000  PCI (00|00:1C.05) : 8086 9D15 class=060400
0:101  0:000  PCI (00|02:00.00) : 14E4 43B1 class=028000
0:101  0:000   - WIFI: Vendor=Broadcom
0:101  0:000  PCI (00|00:1F.00) : 8086 9D4E class=060100
0:101  0:000  PCI (00|00:1F.02) : 8086 9D21 class=058000
0:101  0:000  PCI (00|00:1F.03) : 8086 9D71 class=040300
0:101  0:000  PCI (00|00:1F.04) : 8086 9D23 class=0C0500
0:101  0:000  === [ GetDefaultSettings ] ================================
0:101  0:000  Clover load options size = 300 bytes
0:105  0:003  EFI\CLOVER\.plist not loaded with name from LoadOptions: Invalid Parameter
0:109  0:004  EFI\CLOVER\config.plist loaded: Success
0:109  0:000  === [ GetListOfThemes ] ===================================
0:111  0:001  - [00]: random
0:113  0:002  - [00]: embedded
0:116  0:002  === [ Found config plists ] ===============================
0:118  0:002  - config.plist
0:119  0:000  - config8,1.plist
0:120  0:000  - configMojave.plist
0:120  0:000  - configskylake.plist
0:121  0:000  - configdetect.plist
0:122  0:000  - config5916.plist
0:122  0:000  === [ GetEarlyUserSettings ] ==============================
0:122  0:000  timeout set to 1
0:122  0:000  Custom boot CUSTOM_BOOT_DISABLED (0x0)
0:122  0:000  ForceKextsToLoad: 1 requested
0:122  0:000   - [0]: System\Library\Extensions\IOGraphicsFamily.kext
0:122  0:000  KextsToPatch: 3 requested
0:122  0:000   - [00]: IOAHCIBlockStorage (Enable TRIM for SSD) :: BinPatch :: data len: 11
0:122  0:000   - patch disabled at config
0:122  0:000   - [01]: com.apple.driver.AppleIntelLpssI2C (Prevent Apple I2C kexts from attaching to I2C controllers, credit CoolStar) :: PlistPatch :: data len: 5
0:122  0:000   - [02]: com.apple.driver.AppleIntelLpssI2CController (Prevent Apple I2C kexts from attaching to I2C controllers, credit CoolStar) :: PlistPatch :: data len: 5
0:122  0:000  KernelToPatch: 2 requested
0:122  0:000   - [00]: Disable panic kext logging on 10.13 release kernel (credit vit9696) :: MatchOS: 10.13.x :: data len: 6
0:122  0:000   - [01]: Disable panic kext logging on 10.13 release kernel (credit vit9696) :: MatchOS: 10.13.x :: data len: 6
0:122  0:000  Default theme: embedded
0:122  0:000  Hiding entries with string Preboot
0:122  0:000  === [ LoadDrivers ] =======================================
0:124  0:001  Loading HFSPlus.efi  status=Success
0:129  0:004   - driver needs connecting
0:129  0:000  Loading ApfsDriverLoader-64.efi  status=Success
0:132  0:003   - driver needs connecting
0:132  0:000  Loading AptioMemoryFix-64.efi  status=Success
0:134  0:002  Loading DataHubDxe-64.efi  status=Success
0:143  0:008  Loading FSInject-64.efi  status=Success
0:147  0:004  2 drivers needs connecting ...
0:147  0:000  PlatformDriverOverrideProtocol not found. Installing ... Success
0:147  0:000  HFS+ driver loaded
0:147  0:000  APFS driver loaded
0:147  0:000  Searching for invalid DiskIo BY_DRIVER connects: not found, all ok
0:315  0:168  === [ InitScreen ] ========================================
0:315  0:000  SetScreenResolution: 1920x1080 - already set
0:315  0:000  Console modes reported: 4, available modes:
0:315  0:000   - [01]: 80x25
0:315  0:000   - [02]: 80x50
0:315  0:000   - [03]: 100x31
0:315  0:000   - [04]: 240x56 (current mode)
0:315  0:000  reinit: self device path=PciRoot(0x0)\Pci(0x17,0x0)\Sata(0x2,0xFFFF,0x0)\HD(1,GPT,FAD77F98-7470-4B5A-B780-D1E520B17950,0x28,0x64000)
0:317  0:001  Using embedded font: Success
0:317  0:000  === [ GetMacAddress ] =====================================
0:317  0:000  MAC address of LAN #0= 8C:EC:4B:25:FF:DA:
0:317  0:000  === [ ScanSPD ] ===========================================
0:317  0:000  SMBus device : 8086 9D23 class=0C0500 status=Success
0:317  0:000  SMBus CmdReg: 0x3
0:317  0:000  Scanning SMBus [8086:9D23], mmio: 0xD1432004, ioport: 0xF040, hostc: 0x11
0:317  0:000  Slots to scan [8]...
0:317  0:000  SPD[0]: Type 12 @0x50
0:329  0:011  Not using XMP because it is not present
0:329  0:000  DDR speed 2400MHz
0:329  0:000  Slot: 0 Type 26 8192MB 2400MHz Vendor=Micron Technology PartNo=8ATF1G64HZ-2G3H1 SerialNo=010907070A020F06
0:329  0:000  SPD[2]: Type 12 @0x52
0:341  0:011  Not using XMP because it is not present
0:341  0:000  DDR speed 2400MHz
0:341  0:000  Slot: 2 Type 26 8192MB 2400MHz Vendor=Micron Technology PartNo=8ATF1G64HZ-2G3H1 SerialNo=010907010A060204
0:341  0:000  === [ GetAcpiTablesList ] =================================
0:341  0:000  Get Acpi Tables List from RSDT:
0:341  0:000   - [00]: FACP  CBX3    len=132
0:341  0:000   - [01]: APIC  CBX3    len=188
0:341  0:000   - [02]: FPDT  CBX3    len=68
0:341  0:000   - [03]: FIDT  CBX3    len=172
0:341  0:000   - [04]: MCFG  CBX3    len=60
0:341  0:000   - [05]: HPET  CBX3    len=56
0:341  0:000   - [06]: SSDT  SataTabl len=857
0:341  0:000   - [07]: BOOT  CBX3     len=40
0:341  0:000   - [08]: SSDT  SaSsdt  len=4830
0:341  0:000   - [09]: HPET  KBL-ULT len=56
0:341  0:000   - [10]: SSDT  xh_OEMBD len=2085
0:341  0:000   - [11]: UEFI   len=66
0:341  0:000   - [12]: SSDT  CpuSsdt len=6062
0:341  0:000   - [13]: LPIT  KBL-ULT len=148
0:341  0:000   - [14]: WSMT  CBX3    len=40
0:341  0:000   - [15]: SSDT  HdaDsp len=321
0:341  0:000   - [16]: SSDT  sensrhub len=671
0:341  0:000   - [17]: SSDT  PtidDevc len=12290
0:341  0:000   - [18]: SSDT  TbtTypeC len=1303
0:341  0:000   - [19]: DBGP   len=52
0:341  0:000   - [20]: DBG2   len=84
0:341  0:000   - [21]: SSDT  UsbCTabl len=1964
0:341  0:000   - [22]: SSDT  DptfTabl len=19997
0:341  0:000   - [23]: MSDM  CBX3    len=85
0:341  0:000   - [24]: SLIC  CBX3    len=374
0:341  0:000   - [25]: BGRT   len=56
0:341  0:000  Calibrated TSC Frequency = 2787183430 = 2787MHz
0:341  0:000  === [ GetUserSettings ] ===================================
0:341  0:000  Add 2 devices:
0:341  0:000  USB FixOwnership: yes
0:341  0:000  Dropping 2 tables:
0:341  0:000   - [00]: Drop table  signature="DMAR" (52414D44)
0:341  0:000           - set table: 52414D44,                0 to drop: no
0:341  0:000   - [01]: Drop table  signature="SSDT" (54445353) table-id="PtidDevc" (6376654464697450)
0:341  0:000           - set table: 54445353, 6376654464697450 to drop: yes
0:341  0:000   - final DSDT Fix mask=40000000
0:341  0:000  PatchesDSDT: 14 requested
0:341  0:000   - [00]: (change APSS to APXX) lenToFind: 4, lenToReplace: 4, Target Bridge: <null string>
0:341  0:000   - [01]: (change _DSM to XDSM) lenToFind: 4, lenToReplace: 4, Target Bridge: <null string>
0:341  0:000   - [02]: (Change OSID to XSID (to avoid match against _OSI XOSI patch)) lenToFind: 4, lenToReplace: 4, Target Bridge: <null string>
0:341  0:000   - [03]: (Change _OSI to XOSI) lenToFind: 4, lenToReplace: 4, Target Bridge: <null string>
0:341  0:000   - [04]: (Rename GFX0 to IGPU) lenToFind: 4, lenToReplace: 4, Target Bridge: <null string>
0:341  0:000   - [05]: (change HDAS to HDEF) lenToFind: 4, lenToReplace: 4, Target Bridge: <null string>
0:341  0:000   - [06]: (Rename HECI to IMEI) lenToFind: 4, lenToReplace: 4, Target Bridge: <null string>
0:341  0:000   - [07]: (Change ECDV to EC (so Mac OS knows about the Embedded Controller)) lenToFind: 4, lenToReplace: 4, Target Bridge: <null string>
0:341  0:000   - [08]: (change SAT0 to SATA) lenToFind: 4, lenToReplace: 4, Target Bridge: <null string>
0:341  0:000   - [09]: (change MATH._STA and LDR2._STA to XSTA) lenToFind: 9, lenToReplace: 9, Target Bridge: <null string>
0:341  0:000    patch disabled at config
0:341  0:000   - [10]: (change RTC to XRTC) lenToFind: 4, lenToReplace: 4, Target Bridge: <null string>
0:341  0:000   - [11]: (Rename BRT6 to BRTX, use with SSDT-BRT6.aml, SSDT-PNLF.aml, AppleBacklightInjector.kext, and VoodooPS2Controller.kext to fix brightness keys) lenToFind: 7, lenToReplace: 7, Target Bridge: <null string>
0:342  0:000   - [12]: (b0d4 hdau) lenToFind: 4, lenToReplace: 4, Target Bridge: <null string>
0:342  0:000    patch disabled at config
0:342  0:000   - [13]: (change PPMC to PMCR) lenToFind: 4, lenToReplace: 4, Target Bridge: <null string>
0:342  0:000    patch disabled at config
0:342  0:000  Using ProductName from config: MacBookPro15,2
0:342  0:000  Found wrong BiosVersion in config, Using latest BiosVersion from clover
0:342  0:000  BiosVersion: 15.16.6703.0.0,0
0:342  0:000  BiosReleaseDate: 09/17/2018
0:342  0:000  Using FirmwareFeatures from clover: 0xFC0FE137
0:342  0:000  Using FirmwareFeaturesMask from clover: 0xFF1FFF3F
0:342  0:000  Using PlatformFeature from clover: 0x1A
0:342  0:000  Converted CustomUUID 90E4E0EF-602B-576D-8A91-400B2CC1ECF1
0:343  0:001  === [ Found DSDT tables ] =================================
0:444  0:100  === [ ScanVolumes ] =======================================
0:444  0:000  Found 10 volumes with blockIO
0:444  0:000  - [00]: Volume: PciRoot(0x0)\Pci(0x17,0x0)\Sata(0x0,0xFFFF,0x0)
0:445  0:001  - [01]: Volume: PciRoot(0x0)\Pci(0x17,0x0)\Sata(0x2,0xFFFF,0x0)
0:446  0:000  - [02]: Volume: PciRoot(0x0)\Pci(0x17,0x0)\Sata(0x0,0xFFFF,0x0)\HD(1,GPT,4A63F02B-930B-45BF-B415-8B7A7D9FD6D2,0x22,0x64000)
0:446  0:000          Result of bootcode detection: bootable unknown (legacy)
0:447  0:001  - [03]: Volume: PciRoot(0x0)\Pci(0x17,0x0)\Sata(0x0,0xFFFF,0x0)\HD(2,GPT,F8C17178-EADC-4A4B-AECD-209A119EA136,0x64800,0x1D160800)
0:448  0:000          Result of bootcode detection: bootable Windows (vista,win)
0:448  0:000  - [04]: Volume: PciRoot(0x0)\Pci(0x17,0x0)\Sata(0x2,0xFFFF,0x0)\HD(1,GPT,FAD77F98-7470-4B5A-B780-D1E520B17950,0x28,0x64000)
0:448  0:000          Result of bootcode detection: bootable unknown (legacy)
0:450  0:001          This is SelfVolume !!
0:450  0:000  - [05]: Volume: PciRoot(0x0)\Pci(0x17,0x0)\Sata(0x2,0xFFFF,0x0)\HD(2,GPT,A40007D7-163D-44FD-96F9-1A6053A41DE3,0x64800,0xAC23410)
0:450  0:000  - [06]: Volume: PciRoot(0x0)\Pci(0x17,0x0)\Sata(0x2,0xFFFF,0x0)\HD(3,GPT,811298A8-04C3-4287-B1A5-A00989138375,0xAC87C10,0x135F20)
0:451  0:000  - [07]: Volume: PciRoot(0x0)\Pci(0x17,0x0)\Sata(0x2,0xFFFF,0x0)\HD(4,GPT,26EC3DC4-6D7E-417A-8D4F-E802EC436B81,0xADBDB30,0xA9B7DB0)
0:451  0:000  - [08]: Volume: PciRoot(0x0)\Pci(0x17,0x0)\Sata(0x2,0xFFFF,0x0)\HD(5,GPT,66956DB7-E5F2-4015-9EFF-42EDBF7F7761,0x157758E0,0x135F20)
0:451  0:000  - [09]: Volume: PciRoot(0x0)\Pci(0x17,0x0)\Sata(0x2,0xFFFF,0x0)\HD(6,GPT,7945A537-237A-44A3-8AC1-745EFCE50D02,0x158AB800,0x7919800)
0:452  0:000          Result of bootcode detection: bootable Windows (vista,win)
0:452  0:000  === [ InitTheme ] =========================================
0:452  0:000   using embedded theme
0:452  0:000  Using embedded font: Success
0:452  0:000  Chosen embedded theme
0:452  0:000  after NVRAM boot-args=brcmfx-country=#a
0:452  0:000  === [ Dump SMC keys from NVRAM ] ==========================
0:452  0:000  no AppleSMC protocol
0:463  0:011  === [ AddCustomEntries ] ==================================
0:463  0:000  Custom entry 0 Title:"Recovery" Path:"\com.apple.recovery.boot\boot.efi" Type:10 Flags:0x2 matching all volumes
0:463  0:000      Checking volume "EFI" (PciRoot(0x0)\Pci(0x17,0x0)\Sata(0x0,0xFFFF,0x0)\HD(1,GPT,4A63F02B-930B-45BF-B415-8B7A7D9FD6D2,0x22,0x64000)) ... skipped because path does not exist
0:464  0:000      Checking volume "EFI" (PciRoot(0x0)\Pci(0x17,0x0)\Sata(0x2,0xFFFF,0x0)\HD(1,GPT,FAD77F98-7470-4B5A-B780-D1E520B17950,0x28,0x64000)) ... skipped because path does not exist
0:466  0:002      Checking volume "MOJAVE" (PciRoot(0x0)\Pci(0x17,0x0)\Sata(0x2,0xFFFF,0x0)\HD(2,GPT,A40007D7-163D-44FD-96F9-1A6053A41DE3,0x64800,0xAC23410)) ... skipped because path does not exist
0:466  0:000      Checking volume "Recovery HD" (PciRoot(0x0)\Pci(0x17,0x0)\Sata(0x2,0xFFFF,0x0)\HD(3,GPT,811298A8-04C3-4287-B1A5-A00989138375,0xAC87C10,0x135F20)) ... match!
0:469  0:003  Custom settings: <null string>.plist will  be applied
0:471  0:002      Checking volume "HIGH SIERRA" (PciRoot(0x0)\Pci(0x17,0x0)\Sata(0x2,0xFFFF,0x0)\HD(4,GPT,26EC3DC4-6D7E-417A-8D4F-E802EC436B81,0xADBDB30,0xA9B7DB0)) ... skipped because path does not exist
0:471  0:000      Checking volume "Recovery HD" (PciRoot(0x0)\Pci(0x17,0x0)\Sata(0x2,0xFFFF,0x0)\HD(5,GPT,66956DB7-E5F2-4015-9EFF-42EDBF7F7761,0x157758E0,0x135F20)) ... match!
0:474  0:002  Custom settings: <null string>.plist will  be applied
0:476  0:001  Custom entry 1 Title:"Windows" Path:"\EFI\Microsoft\Boot\bootmgfw.efi" Options:"-s -h" Type:7 Flags:0x0 matching all volumes
0:476  0:000      Checking volume "EFI" (PciRoot(0x0)\Pci(0x17,0x0)\Sata(0x0,0xFFFF,0x0)\HD(1,GPT,4A63F02B-930B-45BF-B415-8B7A7D9FD6D2,0x22,0x64000)) ... skipped because path does not exist
0:476  0:000      Checking volume "EFI" (PciRoot(0x0)\Pci(0x17,0x0)\Sata(0x2,0xFFFF,0x0)\HD(1,GPT,FAD77F98-7470-4B5A-B780-D1E520B17950,0x28,0x64000)) ... match!
0:477  0:000       skipped because path `PciRoot(0x0)\Pci(0x17,0x0)\Sata(0x2,0xFFFF,0x0)\HD(1,GPT,FAD77F98-7470-4B5A-B780-D1E520B17950,0x28,0x64000)\EFI\Microsoft\Boot\bootmgfw.efii` is self path!
0:477  0:000      Checking volume "MOJAVE" (PciRoot(0x0)\Pci(0x17,0x0)\Sata(0x2,0xFFFF,0x0)\HD(2,GPT,A40007D7-163D-44FD-96F9-1A6053A41DE3,0x64800,0xAC23410)) ... skipped because path does not exist
0:477  0:000      Checking volume "Recovery HD" (PciRoot(0x0)\Pci(0x17,0x0)\Sata(0x2,0xFFFF,0x0)\HD(3,GPT,811298A8-04C3-4287-B1A5-A00989138375,0xAC87C10,0x135F20)) ... skipped because path does not exist
0:477  0:000      Checking volume "HIGH SIERRA" (PciRoot(0x0)\Pci(0x17,0x0)\Sata(0x2,0xFFFF,0x0)\HD(4,GPT,26EC3DC4-6D7E-417A-8D4F-E802EC436B81,0xADBDB30,0xA9B7DB0)) ... skipped because path does not exist
0:477  0:000      Checking volume "Recovery HD" (PciRoot(0x0)\Pci(0x17,0x0)\Sata(0x2,0xFFFF,0x0)\HD(5,GPT,66956DB7-E5F2-4015-9EFF-42EDBF7F7761,0x157758E0,0x135F20)) ... skipped because path does not exist
0:477  0:000  === [ ScanLoader ] ========================================
0:477  0:000  - [02]: 'EFI'
0:496  0:018  - [04]: 'EFI'
0:501  0:005          AddLoaderEntry for Volume Name=EFI
0:502  0:001          AddLoaderEntry for Volume Name=EFI
0:502  0:000       skipped because path `PciRoot(0x0)\Pci(0x17,0x0)\Sata(0x2,0xFFFF,0x0)\HD(1,GPT,FAD77F98-7470-4B5A-B780-D1E520B17950,0x28,0x64000)\EFI\microsoft\Boot\bootmgfw.efii` is self path!
0:517  0:015          AddLoaderEntry for Volume Name=EFI
0:517  0:000          skipped because entry is hidden
0:517  0:000  - [05]: 'MOJAVE'
0:520  0:002          AddLoaderEntry for Volume Name=MOJAVE
0:522  0:001      hibernated: set as never
0:525  0:002  - [06]: 'Recovery HD'
0:525  0:000          AddLoaderEntry for Volume Name=Recovery HD
0:525  0:000       skipped because path `PciRoot(0x0)\Pci(0x17,0x0)\Sata(0x2,0xFFFF,0x0)\HD(3,GPT,811298A8-04C3-4287-B1A5-A00989138375,0xAC87C10,0x135F20)\com.apple.recovery.boot\boot.efii` already exists for another entry!
0:526  0:000  - [07]: 'HIGH SIERRA'
0:529  0:003          AddLoaderEntry for Volume Name=HIGH SIERRA
0:531  0:001      hibernated: set as never
0:533  0:002  - [08]: 'Recovery HD'
0:533  0:000          AddLoaderEntry for Volume Name=Recovery HD
0:533  0:000       skipped because path `PciRoot(0x0)\Pci(0x17,0x0)\Sata(0x2,0xFFFF,0x0)\HD(5,GPT,66956DB7-E5F2-4015-9EFF-42EDBF7F7761,0x157758E0,0x135F20)\com.apple.recovery.boot\boot.efii` already exists for another entry!
0:534  0:000  Scanning legacy ...
0:534  0:000   3: 'Legacy HD2' (vista,win) add legacy
0:534  0:000   added 'Boot Windows from Legacy HD2' OSType=2 Icon=vista,win
0:534  0:000   9: 'Legacy HD6' (vista,win) add legacy
0:534  0:000   added 'Boot Windows from Legacy HD6' OSType=2 Icon=vista,win
0:534  0:000  === [ AddCustomTool ] =====================================
0:535  0:001  found tool \EFI\CLOVER\tools\Shell64U.efi
0:535  0:000  Checking EFI partition Volume 2 for Clover
0:537  0:001  Checking EFI partition Volume 4 for Clover
0:540  0:002   Found Clover
0:540  0:000  === [ GetEfiBootDeviceFromNvram ] =========================
0:540  0:000   - efi-boot-device-data: PciRoot(0x0)\Pci(0x17,0x0)\Sata(0x2,0xFFFF,0x0)\HD(2,GPT,A40007D7-163D-44FD-96F9-1A6053A41DE3,0x64800,0xAC23410)
0:540  0:000    - Volume: 'PciRoot(0x0)\Pci(0x17,0x0)\Sata(0x2,0xFFFF,0x0)\HD(2,GPT,A40007D7-163D-44FD-96F9-1A6053A41DE3,0x64800,0xAC23410)'
0:540  0:000    - LoaderPath: '<null string>'
0:540  0:000    - Guid = A40007D7-163D-44FD-96F9-1A6053A41DE3
0:540  0:000  === [ FindStartupDiskVolume ] =============================
0:540  0:000    - Volume: partition = PciRoot(0x0)\Pci(0x17,0x0)\Sata(0x2,0xFFFF,0x0)\HD(2,GPT,A40007D7-163D-44FD-96F9-1A6053A41DE3,0x64800,0xAC23410)
0:540  0:000     - searching for that partition
0:540  0:000      - found entry 3. 'Boot macOS from MOJAVE', Volume 'MOJAVE'
0:540  0:000  Boot redirected to Entry 3. 'Boot macOS from MOJAVE'
0:540  0:000  DefaultIndex=3 and MainMenu.EntryCount=13
0:573  0:032  GUI ready
3:719  3:146  Found BIOS RSDP at F0040
3:719  0:000  Printing ACPI tables from RSDP F0040 ...
3:719  0:000   F0040: 'RSD PTR ', Rev: 2 (Acpi 2.0 or newer), Len: 36
3:719  0:000    (Xsdt: 865F10B8, Rsdt: 865F1028)
3:719  0:000    865F10B8: 'XSDT', 'CBX3', Rev: 1, Len: 244
3:719  0:000    865F1028: 'RSDT', 'CBX3', Rev: 1, Len: 140
3:719  0:000    Tables in Xsdt: 26
3:719  0:000    0. 86616650: 'FACP', 'CBX3', Rev: 5, Len: 268
3:719  0:000        (Dsdt: 865F1240, Facs: 86F0B180, XDsdt: 865F1240, XFacs: 0)
3:719  0:000        865F1240: 'DSDT', 'CBX3', Rev: 2, Len: 152590
3:721  0:001        86F0B180: 'FACS', Ver: 2, Len: 64
3:721  0:000    1. 86616760: 'APIC', 'CBX3', Rev: 3, Len: 188
3:721  0:000    2. 86616820: 'FPDT', 'CBX3', Rev: 1, Len: 68
3:721  0:000    3. 86616868: 'FIDT', 'CBX3', Rev: 1, Len: 172
3:721  0:000    4. 86616918: 'MCFG', 'CBX3', Rev: 1, Len: 60
3:721  0:000    5. 86616958: 'HPET', 'CBX3', Rev: 1, Len: 56
3:721  0:000    6. 86616990: 'SSDT', 'SataTabl', Rev: 1, Len: 857
3:721  0:000    7. 86616CF0: 'BOOT', 'CBX3', Rev: 1, Len: 40
3:721  0:000    8. 86616D18: 'SSDT', 'SaSsdt', Rev: 2, Len: 4830
3:721  0:000    9. 86617FF8: 'HPET', 'KBL-ULT', Rev: 1, Len: 56
3:721  0:000    10. 86618030: 'SSDT', 'xh_OEMBD', Rev: 2, Len: 2085
3:721  0:000    11. 86618858: 'UEFI', '', Rev: 1, Len: 66
3:721  0:000    12. 866188A0: 'SSDT', 'CpuSsdt', Rev: 2, Len: 6062
3:721  0:000    13. 8661A050: 'LPIT', 'KBL-ULT', Rev: 1, Len: 148
3:721  0:000    14. 8661A0E8: 'WSMT', 'CBX3', Rev: 1, Len: 40
3:721  0:000    15. 8661A110: 'SSDT', 'HdaDsp', Rev: 2, Len: 321
3:721  0:000    16. 8661A258: 'SSDT', 'sensrhub', Rev: 2, Len: 671
3:721  0:000    17. 8661A4F8: 'SSDT', 'PtidDevc', Rev: 2, Len: 12290
3:721  0:000    18. 8661D500: 'SSDT', 'TbtTypeC', Rev: 2, Len: 1303
3:721  0:000    19. 8661DA18: 'DBGP', '', Rev: 1, Len: 52
3:721  0:000    20. 8661DA50: 'DBG2', '', Rev: 0, Len: 84
3:721  0:000    21. 8661DAA8: 'SSDT', 'UsbCTabl', Rev: 2, Len: 1964
3:721  0:000    22. 8661E258: 'SSDT', 'DptfTabl', Rev: 2, Len: 19997
3:721  0:000    23. 86623078: 'MSDM', 'CBX3', Rev: 3, Len: 85
3:721  0:000    24. 866230D0: 'SLIC', 'CBX3', Rev: 3, Len: 374
3:721  0:000    25. 86623248: 'BGRT', '', Rev: 0, Len: 56
3:721  0:000    Tables in Rsdt: 26
3:721  0:000    0. 865F11B8: 'FACP', 'CBX3', Rev: 2, Len: 132
3:721  0:000        (Dsdt: 865F1240, Facs: 86F0B140)
3:721  0:000        865F1240: 'DSDT', 'CBX3', Rev: 2, Len: 152590
3:722  0:001        86F0B140: 'FACS', Ver: 0, Len: 64
3:722  0:000    1. 86616760: 'APIC', 'CBX3', Rev: 3, Len: 188
3:722  0:000    2. 86616820: 'FPDT', 'CBX3', Rev: 1, Len: 68
3:722  0:000    3. 86616868: 'FIDT', 'CBX3', Rev: 1, Len: 172
3:722  0:000    4. 86616918: 'MCFG', 'CBX3', Rev: 1, Len: 60
3:722  0:000    5. 86616958: 'HPET', 'CBX3', Rev: 1, Len: 56
3:722  0:000    6. 86616990: 'SSDT', 'SataTabl', Rev: 1, Len: 857
3:722  0:000    7. 86616CF0: 'BOOT', 'CBX3', Rev: 1, Len: 40
3:722  0:000    8. 86616D18: 'SSDT', 'SaSsdt', Rev: 2, Len: 4830
3:722  0:000    9. 86617FF8: 'HPET', 'KBL-ULT', Rev: 1, Len: 56
3:722  0:000    10. 86618030: 'SSDT', 'xh_OEMBD', Rev: 2, Len: 2085
3:722  0:000    11. 86618858: 'UEFI', '', Rev: 1, Len: 66
3:722  0:000    12. 866188A0: 'SSDT', 'CpuSsdt', Rev: 2, Len: 6062
3:722  0:000    13. 8661A050: 'LPIT', 'KBL-ULT', Rev: 1, Len: 148
3:722  0:000    14. 8661A0E8: 'WSMT', 'CBX3', Rev: 1, Len: 40
3:722  0:000    15. 8661A110: 'SSDT', 'HdaDsp', Rev: 2, Len: 321
3:722  0:000    16. 8661A258: 'SSDT', 'sensrhub', Rev: 2, Len: 671
3:722  0:000    17. 8661A4F8: 'SSDT', 'PtidDevc', Rev: 2, Len: 12290
3:722  0:000    18. 8661D500: 'SSDT', 'TbtTypeC', Rev: 2, Len: 1303
3:722  0:000    19. 8661DA18: 'DBGP', '', Rev: 1, Len: 52
3:722  0:000    20. 8661DA50: 'DBG2', '', Rev: 0, Len: 84
3:722  0:000    21. 8661DAA8: 'SSDT', 'UsbCTabl', Rev: 2, Len: 1964
3:722  0:000    22. 8661E258: 'SSDT', 'DptfTabl', Rev: 2, Len: 19997
3:722  0:000    23. 86623078: 'MSDM', 'CBX3', Rev: 3, Len: 85
3:722  0:000    24. 866230D0: 'SLIC', 'CBX3', Rev: 3, Len: 374
3:722  0:000    25. 86623248: 'BGRT', '', Rev: 0, Len: 56
3:722  0:000  Found UEFI Acpi 2.0 RSDP at 865F1000
3:722  0:000  Saving ACPI tables from RSDP 865F1000 to EFI\CLOVER\ACPI\origin ...
3:722  0:000   865F1000: 'RSD PTR ', Rev: 2 (Acpi 2.0 or newer), Len: 36 -> RSDP.aml
3:741  0:019    (Xsdt: 865F10B8, Rsdt: 865F1028)
3:741  0:000    865F10B8: 'XSDT', 'CBX3', Rev: 1, Len: 244 -> XSDT.aml
3:756  0:014    865F1028: 'RSDT', 'CBX3', Rev: 1, Len: 140 -> RSDT.aml
3:770  0:014    Tables in Xsdt: 26
3:770  0:000    0. 86616650: 'FACP', 'CBX3', Rev: 5, Len: 268 -> FACP.aml
3:792  0:021        (Dsdt: 865F1240, Facs: 86F0B180, XDsdt: 865F1240, XFacs: 0)
3:792  0:000        865F1240: 'DSDT', 'CBX3', Rev: 2, Len: 152590 -> DSDT.aml
3:809  0:017        86F0B180: 'FACS', Ver: 2, Len: 64 -> FACS.aml
3:824  0:015    1. 86616760: 'APIC', 'CBX3', Rev: 3, Len: 188 -> APIC.aml
3:839  0:014    2. 86616820: 'FPDT', 'CBX3', Rev: 1, Len: 68 -> FPDT.aml
3:854  0:015    3. 86616868: 'FIDT', 'CBX3', Rev: 1, Len: 172 -> FIDT.aml
3:869  0:015    4. 86616918: 'MCFG', 'CBX3', Rev: 1, Len: 60 -> MCFG.aml
3:885  0:015    5. 86616958: 'HPET', 'CBX3', Rev: 1, Len: 56 -> HPET.aml
3:900  0:015    6. 86616990: 'SSDT', 'SataTabl', Rev: 1, Len: 857 -> SSDT-0-SataTabl.aml
3:915  0:015    7. 86616CF0: 'BOOT', 'CBX3', Rev: 1, Len: 40 -> BOOT.aml
3:930  0:015    8. 86616D18: 'SSDT', 'SaSsdt', Rev: 2, Len: 4830 -> SSDT-1-SaSsdt.aml
3:947  0:017    9. 86617FF8: 'HPET', 'KBL-ULT', Rev: 1, Len: 56 -> HPET.aml
3:962  0:014    10. 86618030: 'SSDT', 'xh_OEMBD', Rev: 2, Len: 2085 -> SSDT-2-xh_OEMBD.aml
3:977  0:014    11. 86618858: 'UEFI', '', Rev: 1, Len: 66 -> UEFI.aml
3:992  0:014    12. 866188A0: 'SSDT', 'CpuSsdt', Rev: 2, Len: 6062 -> SSDT-3-CpuSsdt.aml (Found hidden SSDT 7 pcs)
4:007  0:014        * 86394098: 'SSDT', 'Cpu0Ist', Rev: 2, Len: 1419  53 53 44 54 8B 05 00 00 02 69 50 6D 52 65 66 00 Internal length = 1419 -> SSDT-x3_0-Cpu0Ist.aml
4:022  0:014        * 8632D018: 'SSDT', 'ApIst', Rev: 2, Len: 3348  53 53 44 54 14 0D 00 00 02 30 50 6D 52 65 66 00 Internal length = 3348 -> SSDT-x3_1-ApIst.aml
4:036  0:014        * 8632E698: 'SSDT', 'Cpu0Cst', Rev: 2, Len: 1023  53 53 44 54 FF 03 00 00 02 17 50 6D 52 65 66 00 Internal length = 1023 -> SSDT-x3_2-Cpu0Cst.aml
4:053  0:016        * 8632C018: 'SSDT', 'ApCst', Rev: 2, Len: 778  53 53 44 54 0A 03 00 00 02 99 50 6D 52 65 66 00 Internal length = 778 -> SSDT-x3_3-ApCst.aml
4:068  0:014        * 86394718: 'SSDT', 'Cpu0Hwp', Rev: 2, Len: 186  53 53 44 54 BA 00 00 00 02 83 50 6D 52 65 66 00 Internal length = 186 -> SSDT-x3_4-Cpu0Hwp.aml
4:082  0:014        * 8632C418: 'SSDT', 'ApHwp', Rev: 2, Len: 791  53 53 44 54 17 03 00 00 02 86 50 6D 52 65 66 00 Internal length = 791 -> SSDT-x3_5-ApHwp.aml
4:097  0:014        * 8632E018: 'SSDT', 'HwpLvt', Rev: 2, Len: 1576  53 53 44 54 28 06 00 00 02 8B 50 6D 52 65 66 00 Internal length = 1576 -> SSDT-x3_6-HwpLvt.aml
4:112  0:015  
4:112  0:000    13. 8661A050: 'LPIT', 'KBL-ULT', Rev: 1, Len: 148 -> LPIT.aml
4:127  0:014    14. 8661A0E8: 'WSMT', 'CBX3', Rev: 1, Len: 40 -> WSMT.aml
4:144  0:016    15. 8661A110: 'SSDT', 'HdaDsp', Rev: 2, Len: 321 -> SSDT-4-HdaDsp.aml
4:158  0:014    16. 8661A258: 'SSDT', 'sensrhub', Rev: 2, Len: 671 -> SSDT-5-sensrhub.aml
4:173  0:014    17. 8661A4F8: 'SSDT', 'PtidDevc', Rev: 2, Len: 12290 -> SSDT-6-PtidDevc.aml
4:187  0:014    18. 8661D500: 'SSDT', 'TbtTypeC', Rev: 2, Len: 1303 -> SSDT-7-TbtTypeC.aml
4:202  0:014    19. 8661DA18: 'DBGP', '', Rev: 1, Len: 52 -> DBGP.aml
4:217  0:014    20. 8661DA50: 'DBG2', '', Rev: 0, Len: 84 -> DBG2.aml
4:231  0:014    21. 8661DAA8: 'SSDT', 'UsbCTabl', Rev: 2, Len: 1964 -> SSDT-8-UsbCTabl.aml
4:248  0:016    22. 8661E258: 'SSDT', 'DptfTabl', Rev: 2, Len: 19997 -> SSDT-9-DptfTabl.aml
4:264  0:015    23. 86623078: 'MSDM', 'CBX3', Rev: 3, Len: 85 -> MSDM.aml
4:279  0:015    24. 866230D0: 'SLIC', 'CBX3', Rev: 3, Len: 374 -> SLIC.aml
4:294  0:015    25. 86623248: 'BGRT', '', Rev: 0, Len: 56 -> BGRT.aml
4:309  0:015    Tables in Rsdt: 26
4:309  0:000    0. 865F11B8: 'FACP', 'CBX3', Rev: 2, Len: 132 -> RSDT-FACP.aml
4:324  0:015        (Dsdt: 865F1240, Facs: 86F0B140)
4:324  0:000        865F1240: 'DSDT', 'CBX3', Rev: 2, Len: 152590
4:325  0:001        86F0B140: 'FACS', Ver: 0, Len: 64 -> RSDT-FACS.aml
4:341  0:015    1. 86616760: 'APIC', 'CBX3', Rev: 3, Len: 188
4:341  0:000    2. 86616820: 'FPDT', 'CBX3', Rev: 1, Len: 68
4:341  0:000    3. 86616868: 'FIDT', 'CBX3', Rev: 1, Len: 172
4:341  0:000    4. 86616918: 'MCFG', 'CBX3', Rev: 1, Len: 60
4:341  0:000    5. 86616958: 'HPET', 'CBX3', Rev: 1, Len: 56
4:341  0:000    6. 86616990: 'SSDT', 'SataTabl', Rev: 1, Len: 857
4:341  0:000    7. 86616CF0: 'BOOT', 'CBX3', Rev: 1, Len: 40
4:341  0:000    8. 86616D18: 'SSDT', 'SaSsdt', Rev: 2, Len: 4830
4:341  0:000    9. 86617FF8: 'HPET', 'KBL-ULT', Rev: 1, Len: 56
4:341  0:000    10. 86618030: 'SSDT', 'xh_OEMBD', Rev: 2, Len: 2085
4:341  0:000    11. 86618858: 'UEFI', '', Rev: 1, Len: 66
4:341  0:000    12. 866188A0: 'SSDT', 'CpuSsdt', Rev: 2, Len: 6062
4:341  0:000    13. 8661A050: 'LPIT', 'KBL-ULT', Rev: 1, Len: 148
4:341  0:000    14. 8661A0E8: 'WSMT', 'CBX3', Rev: 1, Len: 40
4:341  0:000    15. 8661A110: 'SSDT', 'HdaDsp', Rev: 2, Len: 321
4:341  0:000    16. 8661A258: 'SSDT', 'sensrhub', Rev: 2, Len: 671
4:341  0:000    17. 8661A4F8: 'SSDT', 'PtidDevc', Rev: 2, Len: 12290
4:341  0:000    18. 8661D500: 'SSDT', 'TbtTypeC', Rev: 2, Len: 1303
4:341  0:000    19. 8661DA18: 'DBGP', '', Rev: 1, Len: 52
4:341  0:000    20. 8661DA50: 'DBG2', '', Rev: 0, Len: 84
4:341  0:000    21. 8661DAA8: 'SSDT', 'UsbCTabl', Rev: 2, Len: 1964
4:341  0:000    22. 8661E258: 'SSDT', 'DptfTabl', Rev: 2, Len: 19997
4:341  0:000    23. 86623078: 'MSDM', 'CBX3', Rev: 3, Len: 85
4:341  0:000    24. 866230D0: 'SLIC', 'CBX3', Rev: 3, Len: 374
4:341  0:000    25. 86623248: 'BGRT', '', Rev: 0, Len: 56
4:341  0:000  Found UEFI Acpi 1.0 RSDP at 865F1000
4:341  0:000  Printing ACPI tables from RSDP 865F1000 ...
4:341  0:000   865F1000: 'RSD PTR ', Rev: 2 (Acpi 2.0 or newer), Len: 36
4:341  0:000    (Xsdt: 865F10B8, Rsdt: 865F1028)
4:341  0:000    865F10B8: 'XSDT', 'CBX3', Rev: 1, Len: 244
4:341  0:000    865F1028: 'RSDT', 'CBX3', Rev: 1, Len: 140
4:341  0:000    Tables in Xsdt: 26
4:341  0:000    0. 86616650: 'FACP', 'CBX3', Rev: 5, Len: 268
4:341  0:000        (Dsdt: 865F1240, Facs: 86F0B180, XDsdt: 865F1240, XFacs: 0)
4:341  0:000        865F1240: 'DSDT', 'CBX3', Rev: 2, Len: 152590
4:342  0:001        86F0B180: 'FACS', Ver: 2, Len: 64
4:342  0:000    1. 86616760: 'APIC', 'CBX3', Rev: 3, Len: 188
4:342  0:000    2. 86616820: 'FPDT', 'CBX3', Rev: 1, Len: 68
4:342  0:000    3. 86616868: 'FIDT', 'CBX3', Rev: 1, Len: 172
4:342  0:000    4. 86616918: 'MCFG', 'CBX3', Rev: 1, Len: 60
4:342  0:000    5. 86616958: 'HPET', 'CBX3', Rev: 1, Len: 56
4:342  0:000    6. 86616990: 'SSDT', 'SataTabl', Rev: 1, Len: 857
4:342  0:000    7. 86616CF0: 'BOOT', 'CBX3', Rev: 1, Len: 40
4:342  0:000    8. 86616D18: 'SSDT', 'SaSsdt', Rev: 2, Len: 4830
4:342  0:000    9. 86617FF8: 'HPET', 'KBL-ULT', Rev: 1, Len: 56
4:342  0:000    10. 86618030: 'SSDT', 'xh_OEMBD', Rev: 2, Len: 2085
4:342  0:000    11. 86618858: 'UEFI', '', Rev: 1, Len: 66
4:342  0:000    12. 866188A0: 'SSDT', 'CpuSsdt', Rev: 2, Len: 6062
4:342  0:000    13. 8661A050: 'LPIT', 'KBL-ULT', Rev: 1, Len: 148
4:342  0:000    14. 8661A0E8: 'WSMT', 'CBX3', Rev: 1, Len: 40
4:342  0:000    15. 8661A110: 'SSDT', 'HdaDsp', Rev: 2, Len: 321
4:342  0:000    16. 8661A258: 'SSDT', 'sensrhub', Rev: 2, Len: 671
4:342  0:000    17. 8661A4F8: 'SSDT', 'PtidDevc', Rev: 2, Len: 12290
4:342  0:000    18. 8661D500: 'SSDT', 'TbtTypeC', Rev: 2, Len: 1303
4:342  0:000    19. 8661DA18: 'DBGP', '', Rev: 1, Len: 52
4:342  0:000    20. 8661DA50: 'DBG2', '', Rev: 0, Len: 84
4:342  0:000    21. 8661DAA8: 'SSDT', 'UsbCTabl', Rev: 2, Len: 1964
4:342  0:000    22. 8661E258: 'SSDT', 'DptfTabl', Rev: 2, Len: 19997
4:342  0:000    23. 86623078: 'MSDM', 'CBX3', Rev: 3, Len: 85
4:342  0:000    24. 866230D0: 'SLIC', 'CBX3', Rev: 3, Len: 374
4:342  0:000    25. 86623248: 'BGRT', '', Rev: 0, Len: 56
4:342  0:000    Tables in Rsdt: 26
4:342  0:000    0. 865F11B8: 'FACP', 'CBX3', Rev: 2, Len: 132
4:342  0:000        (Dsdt: 865F1240, Facs: 86F0B140)
4:342  0:000        865F1240: 'DSDT', 'CBX3', Rev: 2, Len: 152590
4:343  0:001        86F0B140: 'FACS', Ver: 0, Len: 64
4:343  0:000    1. 86616760: 'APIC', 'CBX3', Rev: 3, Len: 188
4:343  0:000    2. 86616820: 'FPDT', 'CBX3', Rev: 1, Len: 68
4:343  0:000    3. 86616868: 'FIDT', 'CBX3', Rev: 1, Len: 172
4:343  0:000    4. 86616918: 'MCFG', 'CBX3', Rev: 1, Len: 60
4:343  0:000    5. 86616958: 'HPET', 'CBX3', Rev: 1, Len: 56
4:343  0:000    6. 86616990: 'SSDT', 'SataTabl', Rev: 1, Len: 857
4:343  0:000    7. 86616CF0: 'BOOT', 'CBX3', Rev: 1, Len: 40
4:343  0:000    8. 86616D18: 'SSDT', 'SaSsdt', Rev: 2, Len: 4830
4:343  0:000    9. 86617FF8: 'HPET', 'KBL-ULT', Rev: 1, Len: 56
4:343  0:000    10. 86618030: 'SSDT', 'xh_OEMBD', Rev: 2, Len: 2085
4:343  0:000    11. 86618858: 'UEFI', '', Rev: 1, Len: 66
4:343  0:000    12. 866188A0: 'SSDT', 'CpuSsdt', Rev: 2, Len: 6062
4:343  0:000    13. 8661A050: 'LPIT', 'KBL-ULT', Rev: 1, Len: 148
4:343  0:000    14. 8661A0E8: 'WSMT', 'CBX3', Rev: 1, Len: 40
4:343  0:000    15. 8661A110: 'SSDT', 'HdaDsp', Rev: 2, Len: 321
4:343  0:000    16. 8661A258: 'SSDT', 'sensrhub', Rev: 2, Len: 671
4:343  0:000    17. 8661A4F8: 'SSDT', 'PtidDevc', Rev: 2, Len: 12290
4:343  0:000    18. 8661D500: 'SSDT', 'TbtTypeC', Rev: 2, Len: 1303
4:343  0:000    19. 8661DA18: 'DBGP', '', Rev: 1, Len: 52
4:343  0:000    20. 8661DA50: 'DBG2', '', Rev: 0, Len: 84
4:343  0:000    21. 8661DAA8: 'SSDT', 'UsbCTabl', Rev: 2, Len: 1964
4:343  0:000    22. 8661E258: 'SSDT', 'DptfTabl', Rev: 2, Len: 19997
4:343  0:000    23. 86623078: 'MSDM', 'CBX3', Rev: 3, Len: 85
4:343  0:000    24. 866230D0: 'SLIC', 'CBX3', Rev: 3, Len: 374
4:343  0:000    25. 86623248: 'BGRT', '', Rev: 0, Len: 56
7:471  3:127  BootVariable of the entry is empty
7:471  0:000  === [ StartLoader ] =======================================
7:471  0:000  Finally: ExternalClock=39MHz BusSpeed=154844kHz CPUFreq=2787MHz PIS: hw.busfrequency=156000000Hz
7:471  0:000  Loading boot.efi  status=Success
7:500  0:028  GetOSVersion: 10.14.3 (18D109)
7:500  0:000  CSR_CFG: CSR_ALLOW_UNTRUSTED_KEXTS | CSR_ALLOW_UNRESTRICTED_FS | CSR_ALLOW_TASK_FOR_PID | CSR_ALLOW_UNRESTRICTED_DTRACE | CSR_ALLOW_UNRESTRICTED_NVRAM
7:500  0:000  Filtering KextPatches:
7:500  0:000   - [00]: IOAHCIBlockStorage (Enable TRIM for SSD) :: BinPatch :: [OS: 10.14.3 | MatchOS: All | MatchBuild: All] ==> disabled by user
7:500  0:000   - [01]: com.apple.driver.AppleIntelLpssI2C (Prevent Apple I2C kexts from attaching to I2C controllers, credit CoolStar) :: PlistPatch :: [OS: 10.14.3 | MatchOS: All | MatchBuild: All] ==> allowed
7:500  0:000   - [02]: com.apple.driver.AppleIntelLpssI2CController (Prevent Apple I2C kexts from attaching to I2C controllers, credit CoolStar) :: PlistPatch :: [OS: 10.14.3 | MatchOS: All | MatchBuild: All] ==> allowed
7:500  0:000  Filtering KernelPatches:
7:500  0:000   - [00]: Disable panic kext logging on 10.13 release kernel (credit vit9696) :: [OS: 10.14.3 | MatchOS: 10.13.x | MatchBuild: no] ==> not allowed by OS
7:500  0:000   - [01]: Disable panic kext logging on 10.13 release kernel (credit vit9696) :: [OS: 10.14.3 | MatchOS: 10.13.x | MatchBuild: no] ==> not allowed by OS
7:500  0:000  Will not patch boot.efi
7:500  0:000  === [ PatchSmbios ] =======================================
7:500  0:000  insert table 9 for dev 0:0
7:500  0:000  insert table 9 for dev 0:0
7:500  0:000  Trusting SMBIOS...
7:500  0:000  Detected alternating SMBIOS channel banks
7:500  0:000  Channels: 2
7:500  0:000  Interleave: 0 2 1 3 4 6 5 7 8 10 9 11 12 14 13 15 16 18 17 19 20 22 21 23
7:500  0:000   partNum=8ATF1G64HZ-2G3H1    
7:500  0:000  SMBIOS Type 17 Index = 0 => 0 0:
7:500  0:000  BANK 0 DIMM0 2400MHz 8192MB
7:500  0:000   partNum=8ATF1G64HZ-2G3H1    
7:500  0:000  SMBIOS Type 17 Index = 1 => 1 2:
7:500  0:000  BANK 1 DIMM0 2400MHz 8192MB
7:500  0:000  mTotalSystemMemory = 16384
7:500  0:000  NumberOfMemoryDevices = 2
7:500  0:000  Type20[0]->End = 0x7FFFFF, Type17[0] = 0x2000
7:500  0:000  Type20[1]->End = 0xFFFFFF, Type17[1] = 0x6000
7:500  0:000  Table 131 is present, CPUType=10
7:500  0:000  Change to: 605
7:500  0:000  === [ PatchACPI ] =========================================
7:500  0:000  Xsdt reallocation done
7:500  0:000  old FADT length=10C
7:500  0:000   SignatureFixup: 0xD688B2A -> 0x0
7:503  0:002  Apply DsdtFixMask=0x40000000
7:503  0:000     drop _DSM mask=0xFFFF
7:503  0:000  === [ FixBiosDsdt ] =======================================
7:503  0:000  VideoCard devID=0x59178086
7:503  0:000  DisplayADR1[0] = 0x20000, DisplayADR2[0] = 0xFFFE
7:503  0:000  USBADR[0] = 0x140000 and PCIe = 0xFFFE
7:503  0:000  Found Airport BCM at 0x1C0005, 0x0
7:512  0:008  Patching DSDT:
7:512  0:000   - [change APSS to APXX]: pattern 41505353, bin not found / already patched!
7:512  0:000   - [change _DSM to XDSM]: pattern 5F44534D, patched at: [ (3D63) (3D2) (360) (360) (360) (360) (360) (37A) (360) (360) (360) (360) (360) (360) (360) (360) (360) (360) (360) (360) (360) (360) (360) (360) (360) (1BB3) (77) (29) (727) (100) (6) (703) (503) (11) (53) (22) (22) (33) (36) (24) (23B5) (D3) (D3) (D3) (D3) (D3) (BE) (BE) (CC) (104) (104) (369) (5E9) (F2D) (19D) (9E) (59) (193) (3EDC) (6C8) (6C8) (6C8) (6E1) (6C8) (6C8) (6C8) (6E1) (6C8) (6C8) (6C8) (6C8) (6C8) (6C8) (6C8) (6C8) (6C8) (6C8) (6C8) (25BA) (2751) (3579) ]
7:512  0:000   - [Change OSID to XSID (to avoid match against _OSI XOSI patch)]: pattern 4F534944, patched at: [ (22770) (E2) (F) (66F) (1664) ]
7:512  0:000   - [Change _OSI to XOSI]: pattern 5F4F5349, patched at: [ (3B5D) (5) (E) (5AF8) (843C) (3) (18) (1C) (1C) (1A) (18) (18) (18) (18) (18) (6C) (5) (E) (10B40) (3) (D) (D) (D) (13) (14) ]
7:512  0:000   - [Rename GFX0 to IGPU]: pattern 47465830, patched at: [ (51) (12) (12) (12) (24) (12) (12) (12) (12) (12) (12) (12) (12) (12) (12) (12) (77) (12) (3AA) (12) (50) (188) (12) (1D) (352F) (D024) (1B) (E7D) (A) (26CB) (14) (8917) (1783) (4502) (299B) (18) (18) (32) (11) (65) (32) (55) ]
7:512  0:000   - [change HDAS to HDEF]: pattern 48444153, patched at: [ (32B) (12) (12) (A55E) (1584) (84) (D) (2B) (32) (4F) (6F) (C3) (10DB5) (15FB) ]
7:512  0:000   - [Rename HECI to IMEI]: pattern 48454349, patched at: [ (108B0) ]
7:512  0:000   - [Change ECDV to EC (so Mac OS knows about the Embedded Controller)]: pattern 45434456, patched at: [ (837) (16) (24) (16) (16) (16) (4A) (16) (16) (28) (16) (16) (22668) (D3D) (3E) (1C) (1B) (460) (14) (EC) (15) (3F) (15) (C88) (122) (2C) (246) ]
7:512  0:000   - [change SAT0 to SATA]: pattern 53415430, patched at: [ (388) (D) (D) (16) (BD6E) (30) (10B25) (3F) (16F0) (4EF) (20) (20) (20) (20) (20) (20) (20) (20) (20) (F2) (29) (2E) (2E) (2E) (2E) (643B) ]
7:513  0:000   - [change MATH._STA and LDR2._STA to XSTA]: disabled
7:513  0:000   - [change RTC to XRTC]: pattern 5254435F, patched at: [ (21253) ]
7:513  0:000   - [Rename BRT6 to BRTX, use with SSDT-BRT6.aml, SSDT-PNLF.aml, AppleBacklightInjector.kext, and VoodooPS2Controller.kext to fix brightness keys]: pattern 14204252, patched at: [ (22DB2) ]
7:513  0:000   - [b0d4 hdau]: disabled
7:513  0:000   - [change PPMC to PMCR]: disabled
7:513  0:000    0 replacements
7:513  0:000  first CPU found at 92B0 offset 92B3
7:513  0:000  score candidate at 92AC
7:513  0:000  score inserted in acpi_cpu_score _PR_
7:513  0:000  Found ACPI CPU: PR00 | PR01 | PR02 | PR03 | PR04 | PR05 | PR06 | PR07 | PR08 | PR09 | PR10 | PR11 | PR12 | PR13 | PR14 | PR15 , within the score: _PR_
7:513  0:000  Start Mutex Fix
7:513  0:000  Fixing Mutex(SMIX, 1)
7:513  0:000  Fixing Mutex(WMIX, 1)
7:513  0:000  Fixing Mutex(ECMX, 1)
7:513  0:000  Fixing Mutex(ECSX, 1)
7:513  0:000  Fixing Mutex(ECM1, 1)
7:513  0:000  Fixing Mutex(QSEV, 1)
7:513  0:000  Fixing Mutex(ECAX, 1)
7:513  0:000  PreCleanup XSDT: count=26, length=244
7:513  0:000  PreCleanup XSDT, corrected XSDT: count=26, length=244
7:513  0:000  === [ ACPIPatchedAML ] ====================================
7:513  0:000  AutoMerge pass 1
7:513  0:000  Unsorted
7:513  0:000  Inserting SSDT-PNLF.aml from EFI\CLOVER\ACPI\patched: ignore on pass 1
7:513  0:000  Inserting SSDT-MCHC.aml from EFI\CLOVER\ACPI\patched: ignore on pass 1
7:513  0:000  Inserting SSDT-RTC.aml from EFI\CLOVER\ACPI\patched: ignore on pass 1
7:513  0:000  Inserting SSDT-LPC.aml from EFI\CLOVER\ACPI\patched: ignore on pass 1
7:513  0:000  Inserting SSDT-MEM2.aml from EFI\CLOVER\ACPI\patched: ignore on pass 1
7:513  0:000  Inserting SSDT-BRT6.aml from EFI\CLOVER\ACPI\patched: ignore on pass 1
7:513  0:000  Inserting SSDT-UIAC.aml from EFI\CLOVER\ACPI\patched: ignore on pass 1
7:513  0:000  Inserting SSDT-USBX.aml from EFI\CLOVER\ACPI\patched: ignore on pass 1
7:513  0:000  Inserting SSDT-ALC256.aml from EFI\CLOVER\ACPI\patched: ignore on pass 1
7:513  0:000  Inserting SSDT-XOSI.aml from EFI\CLOVER\ACPI\patched: ignore on pass 1
7:513  0:000  Inserting SSDT-DMAC.aml from EFI\CLOVER\ACPI\patched: ignore on pass 1
7:513  0:000  === [ ACPIDropTables ] ====================================
7:513  0:000  Drop tables from XSDT, SIGN=SSDT TableID=PtidDevc Length=12290
7:513  0:000   Table[17]: SSDT  PtidDevc  12290 dropped
7:513  0:000  0. [change APSS to APXX]: pattern 41505353, bin not found / already patched!
7:513  0:000  1. [change _DSM to XDSM]: pattern 5F44534D, bin not found / already patched!
7:513  0:000  2. [Change OSID to XSID (to avoid match against _OSI XOSI patch)]: pattern 4F534944, bin not found / already patched!
7:513  0:000  3. [Change _OSI to XOSI]: pattern 5F4F5349, bin not found / already patched!
7:513  0:000  4. [Rename GFX0 to IGPU]: pattern 47465830, bin not found / already patched!
7:513  0:000  5. [change HDAS to HDEF]: pattern 48444153, bin not found / already patched!
7:513  0:000  6. [Rename HECI to IMEI]: pattern 48454349, bin not found / already patched!
7:513  0:000  7. [Change ECDV to EC (so Mac OS knows about the Embedded Controller)]: pattern 45434456, bin not found / already patched!
7:513  0:000  8. [change SAT0 to SATA]: pattern 53415430, patched at: [ (27) (E) (12) (12) (12) (12) (12) (AB) ]
7:513  0:000  9. [change MATH._STA and LDR2._STA to XSTA]: disabled
7:513  0:000  10. [change RTC to XRTC]: pattern 5254435F, bin not found / already patched!
7:513  0:000  11. [Rename BRT6 to BRTX, use with SSDT-BRT6.aml, SSDT-PNLF.aml, AppleBacklightInjector.kext, and VoodooPS2Controller.kext to fix brightness keys]: pattern 14204252, bin not found / already patched!
7:513  0:000  12. [b0d4 hdau]: disabled
7:513  0:000  13. [change PPMC to PMCR]: disabled
7:513  0:000    0 replacements
7:513  0:000  0. [change APSS to APXX]: pattern 41505353, bin not found / already patched!
7:513  0:000  1. [change _DSM to XDSM]: pattern 5F44534D, patched at: [ (DCC) ]
7:513  0:000  2. [Change OSID to XSID (to avoid match against _OSI XOSI patch)]: pattern 4F534944, bin not found / already patched!
7:513  0:000  3. [Change _OSI to XOSI]: pattern 5F4F5349, bin not found / already patched!
7:513  0:000  4. [Rename GFX0 to IGPU]: pattern 47465830, patched at: [ (2D) (42) (2AE) (871) (1D) (6E2) ]
7:513  0:000  5. [change HDAS to HDEF]: pattern 48444153, bin not found / already patched!
7:513  0:000  6. [Rename HECI to IMEI]: pattern 48454349, bin not found / already patched!
7:513  0:000  7. [Change ECDV to EC (so Mac OS knows about the Embedded Controller)]: pattern 45434456, bin not found / already patched!
7:513  0:000  8. [change SAT0 to SATA]: pattern 53415430, bin not found / already patched!
7:513  0:000  9. [change MATH._STA and LDR2._STA to XSTA]: disabled
7:513  0:000  10. [change RTC to XRTC]: pattern 5254435F, bin not found / already patched!
7:513  0:000  11. [Rename BRT6 to BRTX, use with SSDT-BRT6.aml, SSDT-PNLF.aml, AppleBacklightInjector.kext, and VoodooPS2Controller.kext to fix brightness keys]: pattern 14204252, bin not found / already patched!
7:513  0:000  12. [b0d4 hdau]: disabled
7:513  0:000  13. [change PPMC to PMCR]: disabled
7:513  0:000    0 replacements
7:513  0:000  Found OperationRegion(SANV, SystemMemory, 86F0B898, ...)
7:513  0:000  0. [change APSS to APXX]: pattern 41505353, bin not found / already patched!
7:513  0:000  1. [change _DSM to XDSM]: pattern 5F44534D, bin not found / already patched!
7:513  0:000  2. [Change OSID to XSID (to avoid match against _OSI XOSI patch)]: pattern 4F534944, bin not found / already patched!
7:513  0:000  3. [Change _OSI to XOSI]: pattern 5F4F5349, bin not found / already patched!
7:513  0:000  4. [Rename GFX0 to IGPU]: pattern 47465830, bin not found / already patched!
7:513  0:000  5. [change HDAS to HDEF]: pattern 48444153, bin not found / already patched!
7:513  0:000  6. [Rename HECI to IMEI]: pattern 48454349, bin not found / already patched!
7:513  0:000  7. [Change ECDV to EC (so Mac OS knows about the Embedded Controller)]: pattern 45434456, bin not found / already patched!
7:513  0:000  8. [change SAT0 to SATA]: pattern 53415430, bin not found / already patched!
7:513  0:000  9. [change MATH._STA and LDR2._STA to XSTA]: disabled
7:513  0:000  10. [change RTC to XRTC]: pattern 5254435F, bin not found / already patched!
7:513  0:000  11. [Rename BRT6 to BRTX, use with SSDT-BRT6.aml, SSDT-PNLF.aml, AppleBacklightInjector.kext, and VoodooPS2Controller.kext to fix brightness keys]: pattern 14204252, bin not found / already patched!
7:513  0:000  12. [b0d4 hdau]: disabled
7:513  0:000  13. [change PPMC to PMCR]: disabled
7:513  0:000    0 replacements
7:513  0:000  0. [change APSS to APXX]: pattern 41505353, bin not found / already patched!
7:513  0:000  1. [change _DSM to XDSM]: pattern 5F44534D, bin not found / already patched!
7:513  0:000  2. [Change OSID to XSID (to avoid match against _OSI XOSI patch)]: pattern 4F534944, bin not found / already patched!
7:513  0:000  3. [Change _OSI to XOSI]: pattern 5F4F5349, bin not found / already patched!
7:513  0:000  4. [Rename GFX0 to IGPU]: pattern 47465830, bin not found / already patched!
7:513  0:000  5. [change HDAS to HDEF]: pattern 48444153, bin not found / already patched!
7:513  0:000  6. [Rename HECI to IMEI]: pattern 48454349, bin not found / already patched!
7:514  0:000  7. [Change ECDV to EC (so Mac OS knows about the Embedded Controller)]: pattern 45434456, bin not found / already patched!
7:514  0:000  8. [change SAT0 to SATA]: pattern 53415430, bin not found / already patched!
7:514  0:000  9. [change MATH._STA and LDR2._STA to XSTA]: disabled
7:514  0:000  10. [change RTC to XRTC]: pattern 5254435F, bin not found / already patched!
7:514  0:000  11. [Rename BRT6 to BRTX, use with SSDT-BRT6.aml, SSDT-PNLF.aml, AppleBacklightInjector.kext, and VoodooPS2Controller.kext to fix brightness keys]: pattern 14204252, bin not found / already patched!
7:514  0:000  12. [b0d4 hdau]: disabled
7:514  0:000  13. [change PPMC to PMCR]: disabled
7:514  0:000    0 replacements
7:514  0:000  Found OperationRegion(PNVS, SystemMemory, 76E5B000, ...)
7:514  0:000  0. [change APSS to APXX]: pattern 41505353, bin not found / already patched!
7:514  0:000  1. [change _DSM to XDSM]: pattern 5F44534D, bin not found / already patched!
7:514  0:000  2. [Change OSID to XSID (to avoid match against _OSI XOSI patch)]: pattern 4F534944, bin not found / already patched!
7:514  0:000  3. [Change _OSI to XOSI]: pattern 5F4F5349, bin not found / already patched!
7:514  0:000  4. [Rename GFX0 to IGPU]: pattern 47465830, bin not found / already patched!
7:514  0:000  5. [change HDAS to HDEF]: pattern 48444153, patched at: [ (20) (48) ]
7:514  0:000  6. [Rename HECI to IMEI]: pattern 48454349, bin not found / already patched!
7:514  0:000  7. [Change ECDV to EC (so Mac OS knows about the Embedded Controller)]: pattern 45434456, bin not found / already patched!
7:514  0:000  8. [change SAT0 to SATA]: pattern 53415430, bin not found / already patched!
7:514  0:000  9. [change MATH._STA and LDR2._STA to XSTA]: disabled
7:514  0:000  10. [change RTC to XRTC]: pattern 5254435F, bin not found / already patched!
7:514  0:000  11. [Rename BRT6 to BRTX, use with SSDT-BRT6.aml, SSDT-PNLF.aml, AppleBacklightInjector.kext, and VoodooPS2Controller.kext to fix brightness keys]: pattern 14204252, bin not found / already patched!
7:514  0:000  12. [b0d4 hdau]: disabled
7:514  0:000  13. [change PPMC to PMCR]: disabled
7:514  0:000    0 replacements
7:514  0:000  0. [change APSS to APXX]: pattern 41505353, bin not found / already patched!
7:514  0:000  1. [change _DSM to XDSM]: pattern 5F44534D, patched at: [ (A5) ]
7:514  0:000  2. [Change OSID to XSID (to avoid match against _OSI XOSI patch)]: pattern 4F534944, bin not found / already patched!
7:514  0:000  3. [Change _OSI to XOSI]: pattern 5F4F5349, bin not found / already patched!
7:514  0:000  4. [Rename GFX0 to IGPU]: pattern 47465830, bin not found / already patched!
7:514  0:000  5. [change HDAS to HDEF]: pattern 48444153, bin not found / already patched!
7:514  0:000  6. [Rename HECI to IMEI]: pattern 48454349, bin not found / already patched!
7:514  0:000  7. [Change ECDV to EC (so Mac OS knows about the Embedded Controller)]: pattern 45434456, bin not found / already patched!
7:514  0:000  8. [change SAT0 to SATA]: pattern 53415430, bin not found / already patched!
7:514  0:000  9. [change MATH._STA and LDR2._STA to XSTA]: disabled
7:514  0:000  10. [change RTC to XRTC]: pattern 5254435F, bin not found / already patched!
7:514  0:000  11. [Rename BRT6 to BRTX, use with SSDT-BRT6.aml, SSDT-PNLF.aml, AppleBacklightInjector.kext, and VoodooPS2Controller.kext to fix brightness keys]: pattern 14204252, bin not found / already patched!
7:514  0:000  12. [b0d4 hdau]: disabled
7:514  0:000  13. [change PPMC to PMCR]: disabled
7:514  0:000    0 replacements
7:514  0:000  0. [change APSS to APXX]: pattern 41505353, bin not found / already patched!
7:514  0:000  1. [change _DSM to XDSM]: pattern 5F44534D, bin not found / already patched!
7:514  0:000  2. [Change OSID to XSID (to avoid match against _OSI XOSI patch)]: pattern 4F534944, bin not found / already patched!
7:514  0:000  3. [Change _OSI to XOSI]: pattern 5F4F5349, bin not found / already patched!
7:514  0:000  4. [Rename GFX0 to IGPU]: pattern 47465830, bin not found / already patched!
7:514  0:000  5. [change HDAS to HDEF]: pattern 48444153, bin not found / already patched!
7:514  0:000  6. [Rename HECI to IMEI]: pattern 48454349, bin not found / already patched!
7:514  0:000  7. [Change ECDV to EC (so Mac OS knows about the Embedded Controller)]: pattern 45434456, bin not found / already patched!
7:514  0:000  8. [change SAT0 to SATA]: pattern 53415430, bin not found / already patched!
7:514  0:000  9. [change MATH._STA and LDR2._STA to XSTA]: disabled
7:514  0:000  10. [change RTC to XRTC]: pattern 5254435F, bin not found / already patched!
7:514  0:000  11. [Rename BRT6 to BRTX, use with SSDT-BRT6.aml, SSDT-PNLF.aml, AppleBacklightInjector.kext, and VoodooPS2Controller.kext to fix brightness keys]: pattern 14204252, bin not found / already patched!
7:514  0:000  12. [b0d4 hdau]: disabled
7:514  0:000  13. [change PPMC to PMCR]: disabled
7:514  0:000    0 replacements
7:514  0:000  0. [change APSS to APXX]: pattern 41505353, bin not found / already patched!
7:514  0:000  1. [change _DSM to XDSM]: pattern 5F44534D, patched at: [ (32B) ]
7:514  0:000  2. [Change OSID to XSID (to avoid match against _OSI XOSI patch)]: pattern 4F534944, bin not found / already patched!
7:514  0:000  3. [Change _OSI to XOSI]: pattern 5F4F5349, bin not found / already patched!
7:514  0:000  4. [Rename GFX0 to IGPU]: pattern 47465830, bin not found / already patched!
7:514  0:000  5. [change HDAS to HDEF]: pattern 48444153, bin not found / already patched!
7:514  0:000  6. [Rename HECI to IMEI]: pattern 48454349, bin not found / already patched!
7:514  0:000  7. [Change ECDV to EC (so Mac OS knows about the Embedded Controller)]: pattern 45434456, patched at: [ (51) (12) (53C) ]
7:514  0:000  8. [change SAT0 to SATA]: pattern 53415430, bin not found / already patched!
7:514  0:000  9. [change MATH._STA and LDR2._STA to XSTA]: disabled
7:514  0:000  10. [change RTC to XRTC]: pattern 5254435F, bin not found / already patched!
7:514  0:000  11. [Rename BRT6 to BRTX, use with SSDT-BRT6.aml, SSDT-PNLF.aml, AppleBacklightInjector.kext, and VoodooPS2Controller.kext to fix brightness keys]: pattern 14204252, bin not found / already patched!
7:514  0:000  12. [b0d4 hdau]: disabled
7:514  0:000  13. [change PPMC to PMCR]: disabled
7:514  0:000    0 replacements
7:514  0:000  0. [change APSS to APXX]: pattern 41505353, bin not found / already patched!
7:514  0:000  1. [change _DSM to XDSM]: pattern 5F44534D, bin not found / already patched!
7:514  0:000  2. [Change OSID to XSID (to avoid match against _OSI XOSI patch)]: pattern 4F534944, bin not found / already patched!
7:514  0:000  3. [Change _OSI to XOSI]: pattern 5F4F5349, bin not found / already patched!
7:514  0:000  4. [Rename GFX0 to IGPU]: pattern 47465830, bin not found / already patched!
7:514  0:000  5. [change HDAS to HDEF]: pattern 48444153, bin not found / already patched!
7:514  0:000  6. [Rename HECI to IMEI]: pattern 48454349, bin not found / already patched!
7:514  0:000  7. [Change ECDV to EC (so Mac OS knows about the Embedded Controller)]: pattern 45434456, patched at: [ (704) (12) (320) (16) (4A) (46) (337) (6FB) (3A) (15) (18) (39) (36) (2E) (17) (16) (17) (20) (1F) (17) (1F) (16) (1D) (17) (1F) (16) (1D) (17) (1F) (16) (1D) (17) (1F) (1E) (8DF) (D89) (A7) (4F) (37) (16) (1A) (2C) (37) (16) (1A) (2E) (127) (82) (18) (91) (4A) (31) (17) (1B) (26) (31) (17) (1B) (2E) (157) (82) (1DF) (48) (31) (17) (1B) (26) (31) (17) (1B) (251) (27) (CA) (2D) (5F) (2D) (86) (2C) (64) (40) (3E) (131) (40) (3E) (3E) (124) (86) (40) (3E) (131) (40) (3E) (3E) (124) (86) (40) (3E) (131) (40) (3E) (3E) (124) ]
7:514  0:000  8. [change SAT0 to SATA]: pattern 53415430, bin not found / already patched!
7:514  0:000  9. [change MATH._STA and LDR2._STA to XSTA]: disabled
7:514  0:000  10. [change RTC to XRTC]: pattern 5254435F, bin not found / already patched!
7:514  0:000  11. [Rename BRT6 to BRTX, use with SSDT-BRT6.aml, SSDT-PNLF.aml, AppleBacklightInjector.kext, and VoodooPS2Controller.kext to fix brightness keys]: pattern 14204252, bin not found / already patched!
7:514  0:000  12. [b0d4 hdau]: disabled
7:514  0:000  13. [change PPMC to PMCR]: disabled
7:514  0:000    0 replacements
7:514  0:000  === [ ACPIPatchedAML ] ====================================
7:514  0:000  AutoMerge pass 2
7:514  0:000  Unsorted
7:514  0:000  Inserting SSDT-PNLF.aml from EFI\CLOVER\ACPI\patched: size=1128 ... Success
7:516  0:001  Inserting SSDT-MCHC.aml from EFI\CLOVER\ACPI\patched: size=76 ... Success
7:517  0:001  Inserting SSDT-RTC.aml from EFI\CLOVER\ACPI\patched: size=137 ... Success
7:519  0:001  Inserting SSDT-LPC.aml from EFI\CLOVER\ACPI\patched: size=393 ... Success
7:521  0:001  Inserting SSDT-MEM2.aml from EFI\CLOVER\ACPI\patched: size=148 ... Success
7:522  0:001  Inserting SSDT-BRT6.aml from EFI\CLOVER\ACPI\patched: size=182 ... Success
7:524  0:001  Inserting SSDT-UIAC.aml from EFI\CLOVER\ACPI\patched: size=380 ... Success
7:527  0:002  Inserting SSDT-USBX.aml from EFI\CLOVER\ACPI\patched: size=185 ... Success
7:529  0:002  Inserting SSDT-ALC256.aml from EFI\CLOVER\ACPI\patched: size=414 ... Success
7:537  0:007  Inserting SSDT-XOSI.aml from EFI\CLOVER\ACPI\patched: size=206 ... Success
7:540  0:002  Inserting SSDT-DMAC.aml from EFI\CLOVER\ACPI\patched: size=137 ... Success
7:542  0:001  CPUBase=0 and ApicCPUBase=1 ApicCPUNum=1
7:542  0:000  Cleanup XSDT: count=37, length=332
7:542  0:000  corrected XSDT count=36, length=324
7:542  0:000  === [ RestSetup macOS ] ===================================
7:542  0:000  EdidDiscovered size=128
7:542  0:000  --- Discovered EDID Table size:128
7:542  0:000  000  |  00  FF  FF  FF  FF  FF  FF  00  09  E5
7:542  0:000  010  |  A9  06  00  00  00  00  01  19  01  04
7:542  0:000  020  |  95  22  13  78  0A  24  10  97  59  54
7:542  0:000  030  |  8E  27  1E  50  54  00  00  00  01  01
7:542  0:000  040  |  01  01  01  01  01  01  01  01  01  01
7:542  0:000  050  |  01  01  01  01  9C  3B  80  10  71  38
7:542  0:000  060  |  50  40  30  20  36  00  58  C1  10  00
7:542  0:000  070  |  00  1A  2E  2C  80  DE  70  38  14  40
7:542  0:000  080  |  64  64  44  05  58  C1  10  00  00  1A
7:542  0:000  090  |  00  00  00  FE  00  34  35  36  31  4E
7:542  0:000  100  |  80  4E  54  31  35  4E  34  31  00  00
7:542  0:000  110  |  00  00  00  00  41  21  96  00  10  00
7:542  0:000  120  |  00  0A  01  0A  20  20  00  DA
7:542  0:000  add device: PciRoot(0x0)/Pci(0x2,0x0)
7:542  0:000     Add key=hda-gfx valuelen=10
7:542  0:000     Add key=framebuffer-portcount valuelen=4
7:542  0:000     Add key=framebuffer-patch-enable valuelen=4
7:542  0:000     Add key=framebuffer-con2-index valuelen=4
7:542  0:000     Add key=framebuffer-con2-enable valuelen=4
7:542  0:000     Add key=device-id valuelen=4
7:542  0:000     Add key=AAPL,ig-platform-id valuelen=4
7:542  0:000  add device: PciRoot(0x0)/Pci(0x1F,0x3)
7:542  0:000     Add key=layout-id valuelen=4
7:542  0:000  Intel GFX injection not set
7:542  0:000   RCBA disabled; cannot use it
7:542  0:000  stringlength = 916
7:542  0:000  CurrentMode: Width=1920 Height=1080
7:542  0:000  Beginning FSInjection
FSInjectionInstall ...
- Our FSI_SIMPLE_FILE_SYSTEM_PROTOCOL installed on handle: 83060718
FSInjectionInstall ...
- Our FSI_SIMPLE_FILE_SYSTEM_PROTOCOL installed on handle: 83060718
7:549  0:006  Remap smbios table type 1 guid.
7:550  0:001    Force kext: System\Library\Extensions\IOGraphicsFamily.kext
7:556  0:005  Preparing kexts injection for arch=x86_64 from EFI\CLOVER\kexts\Other
7:556  0:000  Extra kext: EFI\CLOVER\kexts\Other\VoodooI2CHID.kext (v.1)
7:561  0:005  Extra kext: EFI\CLOVER\kexts\Other\WhateverGreen.kext (v.1.2.7)
7:567  0:005  Extra kext: EFI\CLOVER\kexts\Other\VoodooTSCSync.kext (v.1.5.0)
7:572  0:004  Extra kext: EFI\CLOVER\kexts\Other\VoodooPS2Controller.kext (v.1.9.2)
7:577  0:005    |-- PlugIn kext: EFI\CLOVER\kexts\Other\VoodooPS2Controller.kext\Contents\PlugIns\VoodooPS2Keyboard.kext (v.1.9.2)
7:583  0:005  Extra kext: EFI\CLOVER\kexts\Other\SMCBatteryManager.kext (v.1)
7:587  0:004  Extra kext: EFI\CLOVER\kexts\Other\VirtualSMC.kext (v.1.0.2)
7:592  0:004  Extra kext: EFI\CLOVER\kexts\Other\USBInjectAll.kext (v.0.7.1)
7:628  0:036  Extra kext: EFI\CLOVER\kexts\Other\Lilu.kext (v.1.3.5)
7:632  0:004  Extra kext: EFI\CLOVER\kexts\Other\BrcmPatchRAM2.kext (v.2.2.10)
7:646  0:013  Extra kext: EFI\CLOVER\kexts\Other\VoodooI2C.kext (v.2.1.4)
7:651  0:005    |-- PlugIn kext: EFI\CLOVER\kexts\Other\VoodooI2C.kext\Contents\PlugIns\VoodooI2CServices.kext (v.1)
7:656  0:004    |-- PlugIn kext: EFI\CLOVER\kexts\Other\VoodooI2C.kext\Contents\PlugIns\VoodooGPIO.kext (v.1.1)
7:660  0:004  Extra kext: EFI\CLOVER\kexts\Other\BrcmFirmwareData.kext (v.2.2.10)
7:668  0:008  Extra kext: EFI\CLOVER\kexts\Other\AppleALC.kext (v.1.3.6)
7:720  0:051  Extra kext: EFI\CLOVER\kexts\Other\AirportBrcmFixup.kext (v.1.1.9)
7:729  0:008  SetStartupDiskVolume:
7:729  0:000    * Volume: 'MOJAVE'
7:729  0:000    * LoaderPath: '<null string>'
7:729  0:000    * DevPath: MOJAVE
7:729  0:000    * GUID = A40007D7-163D-44FD-96F9-1A6053A41DE3
7:729  0:000    * efi-boot-device: <array><dict><key>IOMatch</key><dict><key>IOProviderClass</key><string>IOMedia</string><key>IOPropertyMatch</key><dict><key>UUID</key><string>A40007D7-163D-44FD-96F9-1A6053A41DE3</string></dict></dict></dict></array>
7:729  0:000  SetScreenResolution: 1920x1080 - already set
7:729  0:000  Custom boot is disabled
7:730  0:001  Closing log
